<?xml version="1.0" encoding="UTF-8"?>
<!-- Generated by org.testng.reporters.JUnitReportReporter -->
<testsuite skipped="0" hostname="HSC-J33TZF2" name="com.herokuapp.theinternet.NegativeTests" tests="2" failures="0" timestamp="24 Apr 2021 15:30:04 GMT" time="25.781" errors="0">
  <testcase name="incorrectPasswordTest" time="12.850" classname="com.herokuapp.theinternet.NegativeTests"/>
  <testcase name="incorrectUsernameTest" time="12.931" classname="com.herokuapp.theinternet.NegativeTests"/>
</testsuite> <!-- com.herokuapp.theinternet.NegativeTests -->
