<?xml version="1.0" encoding="UTF-8"?>
<!-- Generated by org.testng.reporters.JUnitReportReporter -->
<testsuite skipped="0" hostname="HSC-J33TZF2" name="com.herokuapp.theinternet.PositiveTests" tests="1" failures="0" timestamp="27 Apr 2021 07:31:13 GMT" time="24.848" errors="0">
  <testcase name="loginTest" time="24.848" classname="com.herokuapp.theinternet.PositiveTests"/>
</testsuite> <!-- com.herokuapp.theinternet.PositiveTests -->
