<?xml version="1.0" encoding="UTF-8"?>
<!-- Generated by org.testng.reporters.JUnitReportReporter -->
<testsuite skipped="0" hostname="HSC-J33TZF2" name="com.herokuapp.theinternet.NegativeTests" tests="2" failures="0" timestamp="27 Apr 2021 07:31:13 GMT" time="28.587" errors="0">
  <testcase name="incorrectPasswordTest" time="15.079" classname="com.herokuapp.theinternet.NegativeTests"/>
  <testcase name="incorrectUsernameTest" time="13.508" classname="com.herokuapp.theinternet.NegativeTests"/>
</testsuite> <!-- com.herokuapp.theinternet.NegativeTests -->
